<?xml version="1.0" encoding="UTF-8"?>
<!-- Generated by org.testng.reporters.JUnitXMLReporter -->
<testsuite ignored="0" hostname="DESKTOP-35PGE1D" failures="0" tests="1" name="Test-Runner-Edge" time="0.078" errors="0" timestamp="2025-07-17T08:33:35 IST">
  <testcase classname="TestcasesTestNG.createCampaignStatus" name="createCampaignStatus" time="0.0">
    <skipped/>
  </testcase> <!-- createCampaignStatus -->
</testsuite> <!-- Test-Runner-Edge -->
