<?xml version="1.0" encoding="UTF-8"?>
<!-- Generated by org.testng.reporters.JUnitReportReporter -->
<testsuite hostname="DESKTOP-35PGE1D" failures="0" tests="3" name="HelperAttributes.Enabled" time="0.010" errors="0" timestamp="2025-07-12T07:59:42 IST" skipped="1">
  <testcase classname="HelperAttributes.Enabled" name="a1" time="0.008">
    <system-out>
      <![CDATA[a1 executed]]>
    </system-out>
  </testcase> <!-- a1 -->
  <testcase classname="HelperAttributes.Enabled" name="a3" time="0.002">
    <system-out>
      <![CDATA[a3 executed]]>
    </system-out>
  </testcase> <!-- a3 -->
  <testcase classname="HelperAttributes.Enabled" name="a2">
    <skipped/>
  </testcase> <!-- a2 -->
  <system-out>
    <![CDATA[a1 executed
a3 executed]]>
  </system-out>
</testsuite> <!-- HelperAttributes.Enabled -->
