<?xml version="1.0" encoding="UTF-8"?>
<!-- Generated by org.testng.reporters.JUnitReportReporter -->
<testsuite hostname="DESKTOP-35PGE1D" failures="0" tests="6" name="HelperAttributes.Threadpoolsize" time="54.318" errors="0" timestamp="2025-07-12T07:46:34 IST" skipped="0">
  <testcase classname="HelperAttributes.Threadpoolsize" name="login" time="8.554">
    <system-out>
      <![CDATA[login executed]]>
    </system-out>
  </testcase> <!-- login -->
  <testcase classname="HelperAttributes.Threadpoolsize" name="login" time="8.120">
    <system-out>
      <![CDATA[login executed]]>
    </system-out>
  </testcase> <!-- login -->
  <testcase classname="HelperAttributes.Threadpoolsize" name="login" time="6.519">
    <system-out>
      <![CDATA[login executed]]>
    </system-out>
  </testcase> <!-- login -->
  <testcase classname="HelperAttributes.Threadpoolsize" name="login" time="9.930">
    <system-out>
      <![CDATA[login executed]]>
    </system-out>
  </testcase> <!-- login -->
  <testcase classname="HelperAttributes.Threadpoolsize" name="login" time="9.445">
    <system-out>
      <![CDATA[login executed]]>
    </system-out>
  </testcase> <!-- login -->
  <testcase classname="HelperAttributes.Threadpoolsize" name="login" time="11.750">
    <system-out>
      <![CDATA[login executed]]>
    </system-out>
  </testcase> <!-- login -->
  <system-out>
    <![CDATA[login executed
login executed
login executed
login executed
login executed
login executed]]>
  </system-out>
</testsuite> <!-- HelperAttributes.Threadpoolsize -->
