<?xml version="1.0" encoding="UTF-8"?>
<!-- Generated by org.testng.reporters.JUnitReportReporter -->
<testsuite hostname="DESKTOP-35PGE1D" failures="0" tests="1" name="Testcases.Pratice" time="0.009" errors="0" timestamp="2025-07-14T13:10:00 IST" skipped="0">
  <testcase classname="Testcases.Pratice" name="TC001" time="0.009">
    <system-out>
      <![CDATA[Testcases done]]>
    </system-out>
  </testcase> <!-- TC001 -->
  <system-out>
    <![CDATA[DB Connectivity open
pre-condition
Launching browser
login
Testcases done
Logout
closing browser
post-condition
DB Connectivity close]]>
  </system-out>
</testsuite> <!-- Testcases.Pratice -->
