<?xml version="1.0" encoding="UTF-8"?>
<!-- Generated by org.testng.reporters.JUnitReportReporter -->
<testsuite hostname="DESKTOP-35PGE1D" failures="0" tests="3" name="HelperAttributes.DependsonMethod" time="0.016" errors="0" timestamp="2025-07-12T08:15:48 IST" skipped="0">
  <testcase classname="HelperAttributes.DependsonMethod" name="EditAcc" time="0.004">
    <system-out>
      <![CDATA[edited]]>
    </system-out>
  </testcase> <!-- EditAcc -->
  <testcase classname="HelperAttributes.DependsonMethod" name="createAcc" time="0.008">
    <system-out>
      <![CDATA[created]]>
    </system-out>
  </testcase> <!-- createAcc -->
  <testcase classname="HelperAttributes.DependsonMethod" name="DelAcc" time="0.004">
    <system-out>
      <![CDATA[deleted]]>
    </system-out>
  </testcase> <!-- DelAcc -->
  <system-out>
    <![CDATA[created
edited
deleted]]>
  </system-out>
</testsuite> <!-- HelperAttributes.DependsonMethod -->
