<?xml version="1.0" encoding="UTF-8"?>
<!-- Generated by org.testng.reporters.JUnitReportReporter -->
<testsuite hostname="DESKTOP-35PGE1D" failures="0" tests="3" name="HelperAttributes.InvocationCount" time="33.845" errors="0" timestamp="2025-07-12T07:34:34 IST" skipped="0">
  <testcase classname="HelperAttributes.InvocationCount" name="login" time="9.558">
    <system-out>
      <![CDATA[execution done]]>
    </system-out>
  </testcase> <!-- login -->
  <testcase classname="HelperAttributes.InvocationCount" name="login" time="16.527">
    <system-out>
      <![CDATA[execution done]]>
    </system-out>
  </testcase> <!-- login -->
  <testcase classname="HelperAttributes.InvocationCount" name="login" time="7.760">
    <system-out>
      <![CDATA[execution done]]>
    </system-out>
  </testcase> <!-- login -->
  <system-out>
    <![CDATA[execution done
execution done
execution done]]>
  </system-out>
</testsuite> <!-- HelperAttributes.InvocationCount -->
